<?xml version="1.0" encoding="UTF-8"?>
<!-- Generated by org.testng.reporters.JUnitXMLReporter -->
<testsuite hostname="adam-VirtualBox" failures="0" tests="4" name="Command line test" time="0.024" errors="0" timestamp="26 Oct 2020 20:25:47 GMT">
  <testcase classname="com.adam.WebTestFirst.AppTest" name="FirstTest" time="0.011"/>
  <testcase classname="com.adam.WebTestFirst.AppTest" name="FourthTest" time="0.0"/>
  <testcase classname="com.adam.WebTestFirst.AppTest" name="SecondTest" time="0.001"/>
  <testcase classname="com.adam.WebTestFirst.AppTest" name="ThirdTest" time="0.001"/>
</testsuite> <!-- Command line test -->
