<?xml version="1.0" encoding="UTF-8"?>
<testng-results total="4" passed="4" failed="0" skipped="0">
  <reporter-output>
  </reporter-output>
  <suite started-at="2020-10-26T20:35:16Z" name="Command line suite" finished-at="2020-10-26T20:35:16Z" duration-ms="25">
    <groups>
    </groups>
    <test started-at="2020-10-26T20:35:16Z" name="Command line test" finished-at="2020-10-26T20:35:16Z" duration-ms="25">
      <class name="com.adam.WebTestFirst.AppTest">
        <test-method signature="FirstTest()[pri:0, instance:com.adam.WebTestFirst.AppTest@32d2fa64]" started-at="2020-10-26T21:35:16Z" name="FirstTest" finished-at="2020-10-26T21:35:16Z" duration-ms="11" status="PASS">
          <reporter-output>
          </reporter-output>
        </test-method> <!-- FirstTest -->
        <test-method signature="FourthTest()[pri:0, instance:com.adam.WebTestFirst.AppTest@32d2fa64]" started-at="2020-10-26T21:35:16Z" name="FourthTest" finished-at="2020-10-26T21:35:16Z" duration-ms="0" status="PASS">
          <reporter-output>
          </reporter-output>
        </test-method> <!-- FourthTest -->
        <test-method signature="SecondTest()[pri:0, instance:com.adam.WebTestFirst.AppTest@32d2fa64]" started-at="2020-10-26T21:35:16Z" name="SecondTest" finished-at="2020-10-26T21:35:16Z" duration-ms="0" status="PASS">
          <reporter-output>
          </reporter-output>
        </test-method> <!-- SecondTest -->
        <test-method signature="ThirdTest()[pri:0, instance:com.adam.WebTestFirst.AppTest@32d2fa64]" started-at="2020-10-26T21:35:16Z" name="ThirdTest" finished-at="2020-10-26T21:35:16Z" duration-ms="0" status="PASS">
          <reporter-output>
          </reporter-output>
        </test-method> <!-- ThirdTest -->
      </class> <!-- com.adam.WebTestFirst.AppTest -->
    </test> <!-- Command line test -->
  </suite> <!-- Command line suite -->
</testng-results>
